android/app/seeds.txt
com.ferdidrgn.ticketapp.R$mipmap
com.ferdidrgn.ticketapp.MainActivity
com.ferdidrgn.ticketapp.R$drawable
com.ferdidrgn.ticketapp.R$string
com.ferdidrgn.ticketapp.BuildConfig
com.ferdidrgn.ticketapp.R
com.ferdidrgn.ticketapp.R$xml
com.ferdidrgn.ticketapp.R$style
com.ferdidrgn.ticketapp.BuildConfig: java.lang.String BASE_URL
com.ferdidrgn.ticketapp.R$string: int google_app_id
com.ferdidrgn.ticketapp.BuildConfig: boolean IS_RELEASE
com.ferdidrgn.ticketapp.R$style: int NormalTheme
com.ferdidrgn.ticketapp.R$string: int default_web_client_id
com.ferdidrgn.ticketapp.R$style: int LaunchTheme
com.ferdidrgn.ticketapp.R$string: int project_id
com.ferdidrgn.ticketapp.BuildConfig: java.lang.String BUILD_TYPE
com.ferdidrgn.ticketapp.R$string: int com_google_firebase_crashlytics_mapping_file_id
com.ferdidrgn.ticketapp.R$string: int google_storage_bucket
com.ferdidrgn.ticketapp.R$string: int google_api_key
com.ferdidrgn.ticketapp.R$string: int gcm_defaultSenderId
com.ferdidrgn.ticketapp.R$mipmap: int ic_launcher
com.ferdidrgn.ticketapp.R$drawable: int launch_background
com.ferdidrgn.ticketapp.BuildConfig: int VERSION_CODE
com.ferdidrgn.ticketapp.BuildConfig: java.lang.String APPLICATION_ID
com.ferdidrgn.ticketapp.R$string: int google_crash_reporting_api_key
com.ferdidrgn.ticketapp.R$xml: int network_security_config
com.ferdidrgn.ticketapp.BuildConfig: java.lang.String VERSION_NAME
com.ferdidrgn.ticketapp.BuildConfig: boolean DEBUG
com.ferdidrgn.ticketapp.R$mipmap: R$mipmap()
com.ferdidrgn.ticketapp.R: R()
com.ferdidrgn.ticketapp.MainActivity: void onCreate(android.os.Bundle)
com.ferdidrgn.ticketapp.R$drawable: R$drawable()
com.ferdidrgn.ticketapp.R$style: R$style()
com.ferdidrgn.ticketapp.R$string: R$string()
com.ferdidrgn.ticketapp.BuildConfig: BuildConfig()
com.ferdidrgn.ticketapp.MainActivity: MainActivity()
com.ferdidrgn.ticketapp.R$xml: R$xml()
...
org.chromium.support_lib_boundary.WebViewStartUpConfigBoundaryInterface: boolean shouldRunUiThreadStartUpTasks()
com.google.android.gms.internal.ads.zzibb: com.google.android.gms.internal.ads.zzibb zzb()
io.flutter.plugins.firebase.firestore.FlutterFirebaseFirestorePlugin: com.google.android.gms.tasks.Task didReinitializeFirebaseCore()
com.google.android.gms.internal.ads.zzbtn: zzbtn(org.json.JSONObject)
com.google.android.recaptcha.internal.zzhv: zzhv(long,long,com.google.android.recaptcha.internal.zzhu)
com.google.android.gms.internal.ads.zzbgj$zzo$zzb: com.google.android.gms.internal.ads.zzbgj$zzo$zzb[] values()
com.google.android.gms.internal.ads.zzhtk: zzhtk()
com.google.android.gms.internal.firebase-auth-api.zzvy: com.google.android.gms.internal.firebase-auth-api.zzvy[] values()
com.google.android.gms.internal.ads.zzbgj$zzi: void zzT()
io.flutter.plugins.firebase.core.GeneratedAndroidFirebaseCore$CoreInitializeResponse: void setPluginConstants(java.util.Map)
com.google.android.gms.internal.measurement.zzef: void zza()
com.google.firebase.firestore.remote.AutoValue_TestingHooks_ExistenceFilterMismatchInfo: AutoValue_TestingHooks_ExistenceFilterMismatchInfo(int,int,java.lang.String,java.lang.String,com.google.firebase.firestore.remote.TestingHooks$ExistenceFilterBloomFilterInfo)
kotlin.random.AbstractPlatformRandom: float nextFloat()
kotlin.io.encoding.Base64: byte[] decode$default(kotlin.io.encoding.Base64,java.lang.CharSequence,int,int,int,java.lang.Object)
com.google.android.gms.internal.ads.zzbsh: zzbsh(com.google.android.gms.internal.ads.zzbsk,com.google.android.gms.internal.ads.zzbsf)
com.google.android.gms.internal.firebase-auth-api.zzakp: void zzg(int,java.util.List,boolean)
com.google.firebase.firestore.remote.GrpcCallProvider: void lambda$initChannelTask$5(io.grpc.ManagedChannel)
com.google.android.gms.internal.ads.zzcoj: com.google.android.gms.internal.ads.zzfgx zzc(java.lang.String)
io.flutter.plugins.firebase.auth.GeneratedAndroidFirebaseAuth$PigeonActionCodeInfo: void setData(io.flutter.plugins.firebase.auth.GeneratedAndroidFirebaseAuth$PigeonActionCodeInfoData)
kotlin.text.StringsKt__StringBuilderKt: java.lang.StringBuilder appendLine(java.lang.StringBuilder,java.lang.String)
com.google.android.gms.internal.ads.zzbgj$zzz$zza: com.google.android.gms.internal.ads.zzbgj$zzz$zza zzj(int,com.google.android.gms.internal.ads.zzbgj$zzan)
org.apache.tika.config.TikaConfig$XmlLoader: java.lang.String getLoaderTagName()
com.google.android.gms.internal.ads.zzfie: com.google.android.gms.internal.ads.zzdud zzd(com.google.android.gms.internal.ads.zzfgh)
kotlin.collections.EmptyList: boolean contains(java.lang.Void)
com.google.android.gms.fido.u2f.api.messagebased.ResponseType: com.google.android.gms.fido.u2f.api.messagebased.ResponseType valueOf(java.lang.String)
kotlin.collections.ArraysKt___ArraysKt: java.util.List filterNotNull(java.lang.Object[])
com.google.android.gms.internal.ads.zzbkh: zzbkh(com.google.android.gms.ads.formats.NativeAdOptions)
com.google.android.gms.internal.firebase-auth-api.zzakh: int zzi()
com.google.android.gms.internal.ads.zzggb: zzggb(java.lang.String,java.lang.String,java.lang.Class[])
com.google.android.gms.internal.ads.zzgt: void zzh(int)
com.google.android.gms.ads.internal.overlay.AdOverlayInfoParcel: AdOverlayInfoParcel(com.google.android.gms.ads.internal.client.zza,com.google.android.gms.ads.internal.overlay.zzr,com.google.android.gms.internal.ads.zzbmx,com.google.android.gms.internal.ads.zzbmz,com.google.android.gms.ads.internal.overlay.zzad,com.google.android.gms.internal.ads.zzcjl,boolean,int,java.lang.String,java.lang.String,com.google.android.gms.ads.internal.util.client.VersionInfoParcel,com.google.android.gms.internal.ads.zzdjm,com.google.android.gms.internal.ads.zzbxl)
com.google.firebase.auth.zzx: void zza(com.google.android.gms.common.api.Status)
com.google.android.gms.internal.firebase-auth-api.zzald: zzald(float[],int,boolean)