android/app/unused.txt
kotlinx.coroutines.flow.FlowKt__CollectionKt$toCollection$1
kotlinx.coroutines.flow.FlowKt__CollectionKt$toCollection$2
kotlinx.coroutines.flow.FlowKt__CollectionKt
kotlinx.coroutines.flow.FlowKt__ContextKt:
    public static final synthetic kotlinx.coroutines.flow.Flow buffer(kotlinx.coroutines.flow.Flow,int)
    public static synthetic kotlinx.coroutines.flow.Flow buffer$default(kotlinx.coroutines.flow.Flow,int,int,java.lang.Object)
    public static final kotlinx.coroutines.flow.Flow cancellable(kotlinx.coroutines.flow.Flow)
kotlinx.coroutines.flow.FlowKt__CountKt$count$1
kotlinx.coroutines.flow.FlowKt__CountKt$count$2
kotlinx.coroutines.flow.FlowKt__CountKt$count$3
kotlinx.coroutines.flow.FlowKt__CountKt$count$4$emit$1
kotlinx.coroutines.flow.FlowKt__CountKt$count$4
kotlinx.coroutines.flow.FlowKt__CountKt
kotlinx.coroutines.flow.FlowKt__DelayKt$debounceInternal$1$3$1
kotlinx.coroutines.flow.FlowKt__DelayKt$debounceInternal$1$3$2
kotlinx.coroutines.flow.FlowKt__DelayKt$debounceInternal$1$values$1$1$emit$1
kotlinx.coroutines.flow.FlowKt__DelayKt$debounceInternal$1$values$1$1
kotlinx.coroutines.flow.FlowKt__DelayKt$debounceInternal$1$values$1
kotlinx.coroutines.flow.FlowKt__DelayKt$debounceInternal$1
kotlinx.coroutines.flow.FlowKt__DelayKt$fixedPeriodTicker$1
kotlinx.coroutines.flow.FlowKt__DelayKt$sample$2$1$1
kotlinx.coroutines.flow.FlowKt__DelayKt$sample$2$1$2
kotlinx.coroutines.flow.FlowKt__DelayKt$sample$2$values$1$1$emit$1
kotlinx.coroutines.flow.FlowKt__DelayKt$sample$2$values$1$1
kotlinx.coroutines.flow.FlowKt__DelayKt$sample$2$values$1
kotlinx.coroutines.flow.FlowKt__DelayKt$sample$2
kotlinx.coroutines.flow.FlowKt__DelayKt$timeoutInternal$1$1$1
kotlinx.coroutines.flow.FlowKt__DelayKt$timeoutInternal$1$1$2
kotlinx.coroutines.flow.FlowKt__DelayKt$timeoutInternal$1
kotlinx.coroutines.flow.FlowKt__DelayKt
kotlinx.coroutines.flow.FlowKt__DistinctKt
kotlinx.coroutines.flow.FlowKt__EmittersKt$onEmpty$$inlined$unsafeFlow$1$1
kotlinx.coroutines.flow.FlowKt__EmittersKt$onEmpty$$inlined$unsafeFlow$1
kotlinx.coroutines.flow.FlowKt__EmittersKt$onEmpty$1$1$emit$1
kotlinx.coroutines.flow.FlowKt__EmittersKt$onEmpty$1$1
kotlinx.coroutines.flow.FlowKt__EmittersKt$transform$1$1$emit$1
kotlinx.coroutines.flow.FlowKt__EmittersKt$transform$1$1
kotlinx.coroutines.flow.FlowKt__EmittersKt$transform$1
kotlinx.coroutines.flow.FlowKt__EmittersKt$unsafeTransform$$inlined$unsafeFlow$1$1
kotlinx.coroutines.flow.FlowKt__EmittersKt$unsafeTransform$$inlined$unsafeFlow$1
kotlinx.coroutines.flow.FlowKt__EmittersKt$unsafeTransform$1$1$emit$1
kotlinx.coroutines.flow.FlowKt__EmittersKt$unsafeTransform$1$1
kotlinx.coroutines.flow.FlowKt__EmittersKt:
    public static final kotlinx.coroutines.flow.Flow onEmpty(kotlinx.coroutines.flow.Flow,kotlin.jvm.functions.Function2)
    public static final kotlinx.coroutines.flow.Flow transform(kotlinx.coroutines.flow.Flow,kotlin.jvm.functions.Function3)
    public static final kotlinx.coroutines.flow.Flow unsafeTransform(kotlinx.coroutines.flow.Flow,kotlin.jvm.functions.Function3)
kotlinx.coroutines.flow.FlowKt__ErrorsKt$retry$1
kotlinx.coroutines.flow.FlowKt__ErrorsKt$retry$3
kotlinx.coroutines.flow.FlowKt__ErrorsKt$retryWhen$$inlined$unsafeFlow$1$1
kotlinx.coroutines.flow.FlowKt__ErrorsKt$retryWhen$$inlined$unsafeFlow$1
kotlinx.coroutines.flow.FlowKt__ErrorsKt:
    public static final kotlinx.coroutines.flow.Flow retry(kotlinx.coroutines.flow.Flow,long,kotlin.jvm.functions.Function2)
    public static synthetic kotlinx.coroutines.flow.Flow retry$default(kotlinx.coroutines.flow.Flow,long,kotlin.jvm.functions.Function2,int,java.lang.Object)
    public static final kotlinx.coroutines.flow.Flow retryWhen(kotlinx.coroutines.flow.Flow,kotlin.jvm.functions.Function4)
kotlinx.coroutines.flow.FlowKt__LimitKt$collectWhile$1
kotlinx.coroutines.flow.FlowKt__LimitKt$collectWhile$collector$1$emit$1
kotlinx.coroutines.flow.FlowKt__LimitKt$collectWhile$collector$1
kotlinx.coroutines.flow.FlowKt__LimitKt$drop$$inlined$unsafeFlow$1